running egg_info
creating ../../build/bot/bot.egg-info
writing ../../build/bot/bot.egg-info/PKG-INFO
writing dependency_links to ../../build/bot/bot.egg-info/dependency_links.txt
writing entry points to ../../build/bot/bot.egg-info/entry_points.txt
writing requirements to ../../build/bot/bot.egg-info/requires.txt
writing top-level names to ../../build/bot/bot.egg-info/top_level.txt
writing manifest file '../../build/bot/bot.egg-info/SOURCES.txt'
reading manifest file '../../build/bot/bot.egg-info/SOURCES.txt'
writing manifest file '../../build/bot/bot.egg-info/SOURCES.txt'
running build
running build_py
creating /home/khader/makentosh/build/bot/build
creating /home/khader/makentosh/build/bot/build/lib
creating /home/khader/makentosh/build/bot/build/lib/bot
copying bot/__init__.py -> /home/khader/makentosh/build/bot/build/lib/bot
running install
running install_lib
creating /home/khader/makentosh/install/bot/lib/python3.10/site-packages/bot
copying /home/khader/makentosh/build/bot/build/lib/bot/__init__.py -> /home/khader/makentosh/install/bot/lib/python3.10/site-packages/bot
byte-compiling /home/khader/makentosh/install/bot/lib/python3.10/site-packages/bot/__init__.py to __init__.cpython-310.pyc
running install_data
copying package.xml -> /home/khader/makentosh/install/bot/share/bot
creating /home/khader/makentosh/install/bot/share/bot/launch
copying launch/navigation_launch.launch.py -> /home/khader/makentosh/install/bot/share/bot/launch
copying launch/online_async_launch.launch.py -> /home/khader/makentosh/install/bot/share/bot/launch
copying launch/explore.launch.py -> /home/khader/makentosh/install/bot/share/bot/launch
copying launch/joystick.launch.py -> /home/khader/makentosh/install/bot/share/bot/launch
copying launch/launch_robot.launch.py -> /home/khader/makentosh/install/bot/share/bot/launch
copying launch/localization_launch.launch.py -> /home/khader/makentosh/install/bot/share/bot/launch
copying launch/launch_sim.launch.py -> /home/khader/makentosh/install/bot/share/bot/launch
copying launch/ball_tracker.launch.py -> /home/khader/makentosh/install/bot/share/bot/launch
copying launch/rsp.launch.py -> /home/khader/makentosh/install/bot/share/bot/launch
copying launch/pi.launch.py -> /home/khader/makentosh/install/bot/share/bot/launch
copying launch/camera.launch.py -> /home/khader/makentosh/install/bot/share/bot/launch
copying launch/rplidar.launch.py -> /home/khader/makentosh/install/bot/share/bot/launch
copying launch/pc.launch.py -> /home/khader/makentosh/install/bot/share/bot/launch
creating /home/khader/makentosh/install/bot/share/bot/description
copying description/gazebo_control.xacro -> /home/khader/makentosh/install/bot/share/bot/description
copying description/robot.urdf.xacro -> /home/khader/makentosh/install/bot/share/bot/description
copying description/ros2_control.xacro -> /home/khader/makentosh/install/bot/share/bot/description
copying description/robot.trans -> /home/khader/makentosh/install/bot/share/bot/description
copying description/robot_core.xacro -> /home/khader/makentosh/install/bot/share/bot/description
copying description/camera.xacro -> /home/khader/makentosh/install/bot/share/bot/description
copying description/lidar.xacro -> /home/khader/makentosh/install/bot/share/bot/description
creating /home/khader/makentosh/install/bot/share/bot/meshes
copying meshes/camera.stl -> /home/khader/makentosh/install/bot/share/bot/meshes
copying meshes/laser_frame.stl -> /home/khader/makentosh/install/bot/share/bot/meshes
copying meshes/chassis.stl -> /home/khader/makentosh/install/bot/share/bot/meshes
copying meshes/cover.stl -> /home/khader/makentosh/install/bot/share/bot/meshes
copying meshes/LR_wheel.stl -> /home/khader/makentosh/install/bot/share/bot/meshes
copying meshes/RR_wheel.stl -> /home/khader/makentosh/install/bot/share/bot/meshes
copying meshes/LF_wheel.stl -> /home/khader/makentosh/install/bot/share/bot/meshes
copying meshes/RF_wheel.stl -> /home/khader/makentosh/install/bot/share/bot/meshes
copying maps/orange.data -> /home/khader/makentosh/install/bot/share/bot/meshes
copying maps/orange.pgm -> /home/khader/makentosh/install/bot/share/bot/meshes
copying maps/map.posegraph -> /home/khader/makentosh/install/bot/share/bot/meshes
copying maps/map.data -> /home/khader/makentosh/install/bot/share/bot/meshes
copying maps/map.pgm -> /home/khader/makentosh/install/bot/share/bot/meshes
copying maps/ora.data -> /home/khader/makentosh/install/bot/share/bot/meshes
copying maps/orange.posegraph -> /home/khader/makentosh/install/bot/share/bot/meshes
copying maps/ora.posegraph -> /home/khader/makentosh/install/bot/share/bot/meshes
copying maps/ora.pgm -> /home/khader/makentosh/install/bot/share/bot/meshes
copying maps/map.yaml -> /home/khader/makentosh/install/bot/share/bot/meshes
copying maps/orange.yaml -> /home/khader/makentosh/install/bot/share/bot/meshes
copying maps/ora.yaml -> /home/khader/makentosh/install/bot/share/bot/meshes
creating /home/khader/makentosh/install/bot/share/bot/config
copying config/rviz_settings.rviz -> /home/khader/makentosh/install/bot/share/bot/config
copying config/ball_tracker_params_sim.yaml -> /home/khader/makentosh/install/bot/share/bot/config
copying config/ball_tracker_params_robot.yaml -> /home/khader/makentosh/install/bot/share/bot/config
copying config/mapper_params_online_async.yaml -> /home/khader/makentosh/install/bot/share/bot/config
copying config/my_controllers.yaml -> /home/khader/makentosh/install/bot/share/bot/config
copying config/nav2_params.yaml -> /home/khader/makentosh/install/bot/share/bot/config
copying config/gaz_ros2_ctl_use_sim.yaml -> /home/khader/makentosh/install/bot/share/bot/config
copying config/twist_mux.yaml -> /home/khader/makentosh/install/bot/share/bot/config
copying config/joystick.yaml -> /home/khader/makentosh/install/bot/share/bot/config
copying config/gazebo_params.yaml -> /home/khader/makentosh/install/bot/share/bot/config
running install_egg_info
Copying ../../build/bot/bot.egg-info to /home/khader/makentosh/install/bot/lib/python3.10/site-packages/bot-0.0.0-py3.10.egg-info
running install_scripts
writing list of installed files to '/home/khader/makentosh/build/bot/install.log'
