/home/khader/makentosh/install/bot/lib/python3.10/site-packages/bot/__init__.py
/home/khader/makentosh/install/bot/lib/python3.10/site-packages/bot/__pycache__/__init__.cpython-310.pyc
/home/khader/makentosh/install/bot/share/bot/package.xml
/home/khader/makentosh/install/bot/share/bot/launch/navigation_launch.launch.py
/home/khader/makentosh/install/bot/share/bot/launch/online_async_launch.launch.py
/home/khader/makentosh/install/bot/share/bot/launch/explore.launch.py
/home/khader/makentosh/install/bot/share/bot/launch/joystick.launch.py
/home/khader/makentosh/install/bot/share/bot/launch/launch_robot.launch.py
/home/khader/makentosh/install/bot/share/bot/launch/localization_launch.launch.py
/home/khader/makentosh/install/bot/share/bot/launch/launch_sim.launch.py
/home/khader/makentosh/install/bot/share/bot/launch/ball_tracker.launch.py
/home/khader/makentosh/install/bot/share/bot/launch/rsp.launch.py
/home/khader/makentosh/install/bot/share/bot/launch/pi.launch.py
/home/khader/makentosh/install/bot/share/bot/launch/camera.launch.py
/home/khader/makentosh/install/bot/share/bot/launch/rplidar.launch.py
/home/khader/makentosh/install/bot/share/bot/launch/pc.launch.py
/home/khader/makentosh/install/bot/share/bot/description/gazebo_control.xacro
/home/khader/makentosh/install/bot/share/bot/description/robot.urdf.xacro
/home/khader/makentosh/install/bot/share/bot/description/ros2_control.xacro
/home/khader/makentosh/install/bot/share/bot/description/robot.trans
/home/khader/makentosh/install/bot/share/bot/description/robot_core.xacro
/home/khader/makentosh/install/bot/share/bot/description/camera.xacro
/home/khader/makentosh/install/bot/share/bot/description/lidar.xacro
/home/khader/makentosh/install/bot/share/bot/meshes/camera.stl
/home/khader/makentosh/install/bot/share/bot/meshes/laser_frame.stl
/home/khader/makentosh/install/bot/share/bot/meshes/chassis.stl
/home/khader/makentosh/install/bot/share/bot/meshes/cover.stl
/home/khader/makentosh/install/bot/share/bot/meshes/LR_wheel.stl
/home/khader/makentosh/install/bot/share/bot/meshes/RR_wheel.stl
/home/khader/makentosh/install/bot/share/bot/meshes/LF_wheel.stl
/home/khader/makentosh/install/bot/share/bot/meshes/RF_wheel.stl
/home/khader/makentosh/install/bot/share/bot/meshes/orange.data
/home/khader/makentosh/install/bot/share/bot/meshes/orange.pgm
/home/khader/makentosh/install/bot/share/bot/meshes/map.posegraph
/home/khader/makentosh/install/bot/share/bot/meshes/map.data
/home/khader/makentosh/install/bot/share/bot/meshes/map.pgm
/home/khader/makentosh/install/bot/share/bot/meshes/ora.data
/home/khader/makentosh/install/bot/share/bot/meshes/orange.posegraph
/home/khader/makentosh/install/bot/share/bot/meshes/ora.posegraph
/home/khader/makentosh/install/bot/share/bot/meshes/ora.pgm
/home/khader/makentosh/install/bot/share/bot/meshes/map.yaml
/home/khader/makentosh/install/bot/share/bot/meshes/orange.yaml
/home/khader/makentosh/install/bot/share/bot/meshes/ora.yaml
/home/khader/makentosh/install/bot/share/bot/config/rviz_settings.rviz
/home/khader/makentosh/install/bot/share/bot/config/ball_tracker_params_sim.yaml
/home/khader/makentosh/install/bot/share/bot/config/ball_tracker_params_robot.yaml
/home/khader/makentosh/install/bot/share/bot/config/mapper_params_online_async.yaml
/home/khader/makentosh/install/bot/share/bot/config/my_controllers.yaml
/home/khader/makentosh/install/bot/share/bot/config/nav2_params.yaml
/home/khader/makentosh/install/bot/share/bot/config/gaz_ros2_ctl_use_sim.yaml
/home/khader/makentosh/install/bot/share/bot/config/twist_mux.yaml
/home/khader/makentosh/install/bot/share/bot/config/joystick.yaml
/home/khader/makentosh/install/bot/share/bot/config/gazebo_params.yaml
/home/khader/makentosh/install/bot/lib/python3.10/site-packages/bot-0.0.0-py3.10.egg-info/dependency_links.txt
/home/khader/makentosh/install/bot/lib/python3.10/site-packages/bot-0.0.0-py3.10.egg-info/SOURCES.txt
/home/khader/makentosh/install/bot/lib/python3.10/site-packages/bot-0.0.0-py3.10.egg-info/requires.txt
/home/khader/makentosh/install/bot/lib/python3.10/site-packages/bot-0.0.0-py3.10.egg-info/entry_points.txt
/home/khader/makentosh/install/bot/lib/python3.10/site-packages/bot-0.0.0-py3.10.egg-info/PKG-INFO
/home/khader/makentosh/install/bot/lib/python3.10/site-packages/bot-0.0.0-py3.10.egg-info/zip-safe
/home/khader/makentosh/install/bot/lib/python3.10/site-packages/bot-0.0.0-py3.10.egg-info/top_level.txt
