running egg_info
writing ../../build/bot/bot.egg-info/PKG-INFO
writing dependency_links to ../../build/bot/bot.egg-info/dependency_links.txt
writing entry points to ../../build/bot/bot.egg-info/entry_points.txt
writing requirements to ../../build/bot/bot.egg-info/requires.txt
writing top-level names to ../../build/bot/bot.egg-info/top_level.txt
reading manifest file '../../build/bot/bot.egg-info/SOURCES.txt'
writing manifest file '../../build/bot/bot.egg-info/SOURCES.txt'
running build
running build_py
running install
running install_lib
running install_data
copying description/robot_core.xacro -> /home/khader/makentosh/install/bot/share/bot/description
copying description/camera.xacro -> /home/khader/makentosh/install/bot/share/bot/description
copying description/lidar.xacro -> /home/khader/makentosh/install/bot/share/bot/description
running install_egg_info
removing '/home/khader/makentosh/install/bot/lib/python3.10/site-packages/bot-0.0.0-py3.10.egg-info' (and everything under it)
Copying ../../build/bot/bot.egg-info to /home/khader/makentosh/install/bot/lib/python3.10/site-packages/bot-0.0.0-py3.10.egg-info
running install_scripts
writing list of installed files to '/home/khader/makentosh/build/bot/install.log'
