[0.641s] Invoking command in '/home/khader/makentosh/src/bot': PYTHONPATH=/home/khader/makentosh/build/bot/prefix_override:/usr/lib/python3/dist-packages/colcon_core/task/python/colcon_distutils_commands:/home/khader/makentosh/install/bot/lib/python3.10/site-packages:${PYTHONPATH} /usr/bin/python3 -W ignore:setup.py install is deprecated setup.py egg_info --egg-base ../../build/bot build --build-base /home/khader/makentosh/build/bot/build install --record /home/khader/makentosh/build/bot/install.log --single-version-externally-managed install_data
[0.857s] running egg_info
[0.857s] writing ../../build/bot/bot.egg-info/PKG-INFO
[0.858s] writing dependency_links to ../../build/bot/bot.egg-info/dependency_links.txt
[0.858s] writing entry points to ../../build/bot/bot.egg-info/entry_points.txt
[0.858s] writing requirements to ../../build/bot/bot.egg-info/requires.txt
[0.858s] writing top-level names to ../../build/bot/bot.egg-info/top_level.txt
[0.860s] reading manifest file '../../build/bot/bot.egg-info/SOURCES.txt'
[0.861s] writing manifest file '../../build/bot/bot.egg-info/SOURCES.txt'
[0.862s] running build
[0.862s] running build_py
[0.862s] running install
[0.862s] running install_lib
[0.863s] running install_data
[0.863s] copying description/robot_core.xacro -> /home/khader/makentosh/install/bot/share/bot/description
[0.864s] copying description/camera.xacro -> /home/khader/makentosh/install/bot/share/bot/description
[0.864s] copying description/lidar.xacro -> /home/khader/makentosh/install/bot/share/bot/description
[0.864s] running install_egg_info
[0.866s] removing '/home/khader/makentosh/install/bot/lib/python3.10/site-packages/bot-0.0.0-py3.10.egg-info' (and everything under it)
[0.866s] Copying ../../build/bot/bot.egg-info to /home/khader/makentosh/install/bot/lib/python3.10/site-packages/bot-0.0.0-py3.10.egg-info
[0.867s] running install_scripts
[0.883s] writing list of installed files to '/home/khader/makentosh/build/bot/install.log'
[0.898s] Invoked command in '/home/khader/makentosh/src/bot' returned '0': PYTHONPATH=/home/khader/makentosh/build/bot/prefix_override:/usr/lib/python3/dist-packages/colcon_core/task/python/colcon_distutils_commands:/home/khader/makentosh/install/bot/lib/python3.10/site-packages:${PYTHONPATH} /usr/bin/python3 -W ignore:setup.py install is deprecated setup.py egg_info --egg-base ../../build/bot build --build-base /home/khader/makentosh/build/bot/build install --record /home/khader/makentosh/build/bot/install.log --single-version-externally-managed install_data
